{
  "uid" : "19223dd920d8328c",
  "name" : "Add text comment",
  "fullName" : "tests.topics_test.TestTopics#test_user_add_text_comment",
  "historyId" : "a746b61eea2e5348e6ce25d4e0b6144b",
  "time" : {
    "start" : 1704500130398,
    "stop" : 1704500140750,
    "duration" : 10352
  },
  "status" : "broken",
  "statusMessage" : "selenium.common.exceptions.TimeoutException: Message:",
  "statusTrace" : "self = <topics_test.TestTopics object at 0x7f046fb2c590>\n\n    @allure.title(\"Add text comment\")\n    @allure.severity(\"Critical\")\n    @pytest.mark.smoke\n    @pytest.mark.usefixtures(\"login_open_project_logout\")\n    def test_user_add_text_comment(self):\n>       self.test_user_create_topic_without_cover()\n\ntests/topics_test.py:47: \n_ _ _ _ _ _ _ _ _ _ _ _ _ _ _ _ _ _ _ _ _ _ _ _ _ _ _ _ _ _ _ _ _ _ _ _ _ _ _ _ \ntests/topics_test.py:19: in test_user_create_topic_without_cover\n    self.topics_page.topic_is_appeared_at_list(topic_name)\npages/topics_page.py:43: in topic_is_appeared_at_list\n    self.wait.until(EC.visibility_of_element_located(NEW_TOPIC_LOCATOR))\n_ _ _ _ _ _ _ _ _ _ _ _ _ _ _ _ _ _ _ _ _ _ _ _ _ _ _ _ _ _ _ _ _ _ _ _ _ _ _ _ \n\nself = <selenium.webdriver.support.wait.WebDriverWait (session=\"da24b3fc01a4e06edab00e8ad1c2211b\")>\nmethod = <function visibility_of_element_located.<locals>._predicate at 0x7f046fbdc220>\nmessage = ''\n\n    def until(self, method: Callable[[D], Union[Literal[False], T]], message: str = \"\") -> T:\n        \"\"\"Calls the method provided with the driver as an argument until the \\\n        return value does not evaluate to ``False``.\n    \n        :param method: callable(WebDriver)\n        :param message: optional message for :exc:`TimeoutException`\n        :returns: the result of the last call to `method`\n        :raises: :exc:`selenium.common.exceptions.TimeoutException` if timeout occurs\n        \"\"\"\n        screen = None\n        stacktrace = None\n    \n        end_time = time.monotonic() + self._timeout\n        while True:\n            try:\n                value = method(self._driver)\n                if value:\n                    return value\n            except self._ignored_exceptions as exc:\n                screen = getattr(exc, \"screen\", None)\n                stacktrace = getattr(exc, \"stacktrace\", None)\n            time.sleep(self._poll)\n            if time.monotonic() > end_time:\n                break\n>       raise TimeoutException(message, screen, stacktrace)\nE       selenium.common.exceptions.TimeoutException: Message:\n\n../local/lib/python3.12/site-packages/selenium/webdriver/support/wait.py:105: TimeoutException",
  "flaky" : false,
  "newFailed" : false,
  "beforeStages" : [ {
    "name" : "driver",
    "time" : {
      "start" : 1704500125293,
      "stop" : 1704500126107,
      "duration" : 814
    },
    "status" : "passed",
    "steps" : [ ],
    "attachments" : [ ],
    "parameters" : [ ],
    "hasContent" : false,
    "attachmentsCount" : 0,
    "shouldDisplayMessage" : false,
    "stepsCount" : 0
  }, {
    "name" : "login_open_project_logout",
    "time" : {
      "start" : 1704500126107,
      "stop" : 1704500130397,
      "duration" : 4290
    },
    "status" : "passed",
    "steps" : [ {
      "name" : "Login",
      "time" : {
        "start" : 1704500126107,
        "stop" : 1704500128945,
        "duration" : 2838
      },
      "status" : "passed",
      "steps" : [ {
        "name" : "Open https://space.a-mates.com/login page",
        "time" : {
          "start" : 1704500126107,
          "stop" : 1704500127680,
          "duration" : 1573
        },
        "status" : "passed",
        "steps" : [ ],
        "attachments" : [ ],
        "parameters" : [ ],
        "hasContent" : false,
        "attachmentsCount" : 0,
        "shouldDisplayMessage" : false,
        "stepsCount" : 0
      }, {
        "name" : "Page https://space.a-mates.com/login is opened",
        "time" : {
          "start" : 1704500127680,
          "stop" : 1704500127683,
          "duration" : 3
        },
        "status" : "passed",
        "steps" : [ ],
        "attachments" : [ ],
        "parameters" : [ ],
        "hasContent" : false,
        "attachmentsCount" : 0,
        "shouldDisplayMessage" : false,
        "stepsCount" : 0
      }, {
        "name" : "Enter login",
        "time" : {
          "start" : 1704500127683,
          "stop" : 1704500127799,
          "duration" : 116
        },
        "status" : "passed",
        "steps" : [ ],
        "attachments" : [ ],
        "parameters" : [ {
          "name" : "login",
          "value" : "'qa.ac.odg@gmail.com'"
        } ],
        "hasContent" : true,
        "attachmentsCount" : 0,
        "shouldDisplayMessage" : false,
        "stepsCount" : 0
      }, {
        "name" : "Enter password",
        "time" : {
          "start" : 1704500127799,
          "stop" : 1704500127879,
          "duration" : 80
        },
        "status" : "passed",
        "steps" : [ ],
        "attachments" : [ ],
        "parameters" : [ {
          "name" : "password",
          "value" : "'Orange609!'"
        } ],
        "hasContent" : true,
        "attachmentsCount" : 0,
        "shouldDisplayMessage" : false,
        "stepsCount" : 0
      }, {
        "name" : "Click submit button",
        "time" : {
          "start" : 1704500127879,
          "stop" : 1704500127933,
          "duration" : 54
        },
        "status" : "passed",
        "steps" : [ ],
        "attachments" : [ ],
        "parameters" : [ ],
        "hasContent" : false,
        "attachmentsCount" : 0,
        "shouldDisplayMessage" : false,
        "stepsCount" : 0
      }, {
        "name" : "Page https://space.a-mates.com/projects is opened",
        "time" : {
          "start" : 1704500127933,
          "stop" : 1704500128945,
          "duration" : 1012
        },
        "status" : "passed",
        "steps" : [ ],
        "attachments" : [ ],
        "parameters" : [ ],
        "hasContent" : false,
        "attachmentsCount" : 0,
        "shouldDisplayMessage" : false,
        "stepsCount" : 0
      } ],
      "attachments" : [ ],
      "parameters" : [ ],
      "hasContent" : true,
      "attachmentsCount" : 0,
      "shouldDisplayMessage" : false,
      "stepsCount" : 6
    }, {
      "name" : "Open My project",
      "time" : {
        "start" : 1704500128945,
        "stop" : 1704500130397,
        "duration" : 1452
      },
      "status" : "passed",
      "steps" : [ {
        "name" : "Click on 'My projects' button in top menu",
        "time" : {
          "start" : 1704500128945,
          "stop" : 1704500128993,
          "duration" : 48
        },
        "status" : "passed",
        "steps" : [ ],
        "attachments" : [ ],
        "parameters" : [ ],
        "hasContent" : false,
        "attachmentsCount" : 0,
        "shouldDisplayMessage" : false,
        "stepsCount" : 0
      }, {
        "name" : "Click on 'NAME_OF_MY_PROJECT' button",
        "time" : {
          "start" : 1704500128993,
          "stop" : 1704500129385,
          "duration" : 392
        },
        "status" : "passed",
        "steps" : [ ],
        "attachments" : [ ],
        "parameters" : [ ],
        "hasContent" : false,
        "attachmentsCount" : 0,
        "shouldDisplayMessage" : false,
        "stepsCount" : 0
      }, {
        "name" : "Page https://space.a-mates.com/topics is opened",
        "time" : {
          "start" : 1704500129385,
          "stop" : 1704500130397,
          "duration" : 1012
        },
        "status" : "passed",
        "steps" : [ ],
        "attachments" : [ ],
        "parameters" : [ ],
        "hasContent" : false,
        "attachmentsCount" : 0,
        "shouldDisplayMessage" : false,
        "stepsCount" : 0
      } ],
      "attachments" : [ ],
      "parameters" : [ ],
      "hasContent" : true,
      "attachmentsCount" : 0,
      "shouldDisplayMessage" : false,
      "stepsCount" : 3
    }, {
      "name" : "Logout",
      "time" : {
        "start" : 1704500130397,
        "stop" : 1704500130397,
        "duration" : 0
      },
      "status" : "passed",
      "steps" : [ ],
      "attachments" : [ ],
      "parameters" : [ ],
      "hasContent" : false,
      "attachmentsCount" : 0,
      "shouldDisplayMessage" : false,
      "stepsCount" : 0
    } ],
    "attachments" : [ ],
    "parameters" : [ ],
    "hasContent" : true,
    "attachmentsCount" : 0,
    "shouldDisplayMessage" : false,
    "stepsCount" : 12
  }, {
    "name" : "setup",
    "time" : {
      "start" : 1704500126107,
      "stop" : 1704500126107,
      "duration" : 0
    },
    "status" : "passed",
    "steps" : [ ],
    "attachments" : [ ],
    "parameters" : [ ],
    "hasContent" : false,
    "attachmentsCount" : 0,
    "shouldDisplayMessage" : false,
    "stepsCount" : 0
  } ],
  "testStage" : {
    "status" : "broken",
    "statusMessage" : "selenium.common.exceptions.TimeoutException: Message:",
    "statusTrace" : "self = <topics_test.TestTopics object at 0x7f046fb2c590>\n\n    @allure.title(\"Add text comment\")\n    @allure.severity(\"Critical\")\n    @pytest.mark.smoke\n    @pytest.mark.usefixtures(\"login_open_project_logout\")\n    def test_user_add_text_comment(self):\n>       self.test_user_create_topic_without_cover()\n\ntests/topics_test.py:47: \n_ _ _ _ _ _ _ _ _ _ _ _ _ _ _ _ _ _ _ _ _ _ _ _ _ _ _ _ _ _ _ _ _ _ _ _ _ _ _ _ \ntests/topics_test.py:19: in test_user_create_topic_without_cover\n    self.topics_page.topic_is_appeared_at_list(topic_name)\npages/topics_page.py:43: in topic_is_appeared_at_list\n    self.wait.until(EC.visibility_of_element_located(NEW_TOPIC_LOCATOR))\n_ _ _ _ _ _ _ _ _ _ _ _ _ _ _ _ _ _ _ _ _ _ _ _ _ _ _ _ _ _ _ _ _ _ _ _ _ _ _ _ \n\nself = <selenium.webdriver.support.wait.WebDriverWait (session=\"da24b3fc01a4e06edab00e8ad1c2211b\")>\nmethod = <function visibility_of_element_located.<locals>._predicate at 0x7f046fbdc220>\nmessage = ''\n\n    def until(self, method: Callable[[D], Union[Literal[False], T]], message: str = \"\") -> T:\n        \"\"\"Calls the method provided with the driver as an argument until the \\\n        return value does not evaluate to ``False``.\n    \n        :param method: callable(WebDriver)\n        :param message: optional message for :exc:`TimeoutException`\n        :returns: the result of the last call to `method`\n        :raises: :exc:`selenium.common.exceptions.TimeoutException` if timeout occurs\n        \"\"\"\n        screen = None\n        stacktrace = None\n    \n        end_time = time.monotonic() + self._timeout\n        while True:\n            try:\n                value = method(self._driver)\n                if value:\n                    return value\n            except self._ignored_exceptions as exc:\n                screen = getattr(exc, \"screen\", None)\n                stacktrace = getattr(exc, \"stacktrace\", None)\n            time.sleep(self._poll)\n            if time.monotonic() > end_time:\n                break\n>       raise TimeoutException(message, screen, stacktrace)\nE       selenium.common.exceptions.TimeoutException: Message:\n\n../local/lib/python3.12/site-packages/selenium/webdriver/support/wait.py:105: TimeoutException",
    "steps" : [ {
      "name" : "Click add topic button",
      "time" : {
        "start" : 1704500130398,
        "stop" : 1704500130479,
        "duration" : 81
      },
      "status" : "passed",
      "steps" : [ ],
      "attachments" : [ ],
      "parameters" : [ ],
      "hasContent" : false,
      "attachmentsCount" : 0,
      "shouldDisplayMessage" : false,
      "stepsCount" : 0
    }, {
      "name" : "Enter new topic name",
      "time" : {
        "start" : 1704500130480,
        "stop" : 1704500130638,
        "duration" : 158
      },
      "status" : "passed",
      "steps" : [ ],
      "attachments" : [ ],
      "parameters" : [ {
        "name" : "topic_name",
        "value" : "'demo 1704500130.397861'"
      } ],
      "hasContent" : true,
      "attachmentsCount" : 0,
      "shouldDisplayMessage" : false,
      "stepsCount" : 0
    }, {
      "name" : "Click OK button on topic create window",
      "time" : {
        "start" : 1704500130638,
        "stop" : 1704500130690,
        "duration" : 52
      },
      "status" : "passed",
      "steps" : [ ],
      "attachments" : [ ],
      "parameters" : [ ],
      "hasContent" : false,
      "attachmentsCount" : 0,
      "shouldDisplayMessage" : false,
      "stepsCount" : 0
    }, {
      "name" : "Check if the created topic appear at the list",
      "time" : {
        "start" : 1704500130690,
        "stop" : 1704500140750,
        "duration" : 10060
      },
      "status" : "broken",
      "statusMessage" : "selenium.common.exceptions.TimeoutException: Message: \n\n",
      "statusTrace" : "  File \"/usr/local/lib/python3.12/site-packages/allure_commons/_allure.py\", line 192, in impl\n    return func(*a, **kw)\n           ^^^^^^^^^^^^^^\n  File \"/usr/workspace/pages/topics_page.py\", line 43, in topic_is_appeared_at_list\n    self.wait.until(EC.visibility_of_element_located(NEW_TOPIC_LOCATOR))\n  File \"/usr/local/lib/python3.12/site-packages/selenium/webdriver/support/wait.py\", line 105, in until\n    raise TimeoutException(message, screen, stacktrace)\n",
      "steps" : [ ],
      "attachments" : [ ],
      "parameters" : [ {
        "name" : "topic_name",
        "value" : "'demo 1704500130.397861'"
      } ],
      "hasContent" : true,
      "attachmentsCount" : 0,
      "shouldDisplayMessage" : true,
      "stepsCount" : 0
    } ],
    "attachments" : [ ],
    "parameters" : [ ],
    "hasContent" : true,
    "attachmentsCount" : 0,
    "shouldDisplayMessage" : true,
    "stepsCount" : 4
  },
  "afterStages" : [ {
    "name" : "driver::0",
    "time" : {
      "start" : 1704500141847,
      "stop" : 1704500141905,
      "duration" : 58
    },
    "status" : "passed",
    "steps" : [ ],
    "attachments" : [ ],
    "parameters" : [ ],
    "hasContent" : false,
    "attachmentsCount" : 0,
    "shouldDisplayMessage" : false,
    "stepsCount" : 0
  }, {
    "name" : "login_open_project_logout::finalizer",
    "time" : {
      "start" : 1704500140756,
      "stop" : 1704500141846,
      "duration" : 1090
    },
    "status" : "broken",
    "statusMessage" : "selenium.common.exceptions.ElementClickInterceptedException: Message: element click intercepted: Element <div class=\"MuiGrid-root jss41 MuiGrid-container MuiGrid-align-items-xs-center\" aria-controls=\"myprofile-menu\">...</div> is not clickable at point (1779, 32). Other element would receive the click: <div class=\"MuiDialog-container MuiDialog-scrollPaper\" role=\"none presentation\" tabindex=\"-1\" style=\"opacity: 1; transition: opacity 225ms cubic-bezier(0.4, 0, 0.2, 1) 0ms;\">...</div>\n  (Session info: headless chrome=112.0.5615.165)\n\n",
    "statusTrace" : "  File \"/usr/local/lib/python3.12/site-packages/allure_commons/_allure.py\", line 221, in __call__\n    return self._fixture_function(*args, **kwargs)\n           ^^^^^^^^^^^^^^^^^^^^^^^^^^^^^^^^^^^^^^^\n  File \"/usr/workspace/base/base_test.py\", line 42, in finalizer\n    self.topics_page.click_email_button_in_top_menu()\n  File \"/usr/local/lib/python3.12/site-packages/allure_commons/_allure.py\", line 192, in impl\n    return func(*a, **kw)\n           ^^^^^^^^^^^^^^\n  File \"/usr/workspace/pages/topics_page.py\", line 101, in click_email_button_in_top_menu\n    email_button.click()\n  File \"/usr/local/lib/python3.12/site-packages/selenium/webdriver/remote/webelement.py\", line 94, in click\n    self._execute(Command.CLICK_ELEMENT)\n  File \"/usr/local/lib/python3.12/site-packages/selenium/webdriver/remote/webelement.py\", line 395, in _execute\n    return self._parent.execute(command, params)\n           ^^^^^^^^^^^^^^^^^^^^^^^^^^^^^^^^^^^^^\n  File \"/usr/local/lib/python3.12/site-packages/selenium/webdriver/remote/webdriver.py\", line 348, in execute\n    self.error_handler.check_response(response)\n  File \"/usr/local/lib/python3.12/site-packages/selenium/webdriver/remote/errorhandler.py\", line 229, in check_response\n    raise exception_class(message, screen, stacktrace)\n",
    "steps" : [ {
      "name" : "Click e-mail button in Top menu",
      "time" : {
        "start" : 1704500140756,
        "stop" : 1704500141845,
        "duration" : 1089
      },
      "status" : "broken",
      "statusMessage" : "selenium.common.exceptions.ElementClickInterceptedException: Message: element click intercepted: Element <div class=\"MuiGrid-root jss41 MuiGrid-container MuiGrid-align-items-xs-center\" aria-controls=\"myprofile-menu\">...</div> is not clickable at point (1779, 32). Other element would receive the click: <div class=\"MuiDialog-container MuiDialog-scrollPaper\" role=\"none presentation\" tabindex=\"-1\" style=\"opacity: 1; transition: opacity 225ms cubic-bezier(0.4, 0, 0.2, 1) 0ms;\">...</div>\n  (Session info: headless chrome=112.0.5615.165)\n\n",
      "statusTrace" : "  File \"/usr/local/lib/python3.12/site-packages/allure_commons/_allure.py\", line 192, in impl\n    return func(*a, **kw)\n           ^^^^^^^^^^^^^^\n  File \"/usr/workspace/pages/topics_page.py\", line 101, in click_email_button_in_top_menu\n    email_button.click()\n  File \"/usr/local/lib/python3.12/site-packages/selenium/webdriver/remote/webelement.py\", line 94, in click\n    self._execute(Command.CLICK_ELEMENT)\n  File \"/usr/local/lib/python3.12/site-packages/selenium/webdriver/remote/webelement.py\", line 395, in _execute\n    return self._parent.execute(command, params)\n           ^^^^^^^^^^^^^^^^^^^^^^^^^^^^^^^^^^^^^\n  File \"/usr/local/lib/python3.12/site-packages/selenium/webdriver/remote/webdriver.py\", line 348, in execute\n    self.error_handler.check_response(response)\n  File \"/usr/local/lib/python3.12/site-packages/selenium/webdriver/remote/errorhandler.py\", line 229, in check_response\n    raise exception_class(message, screen, stacktrace)\n",
      "steps" : [ ],
      "attachments" : [ ],
      "parameters" : [ ],
      "hasContent" : true,
      "attachmentsCount" : 0,
      "shouldDisplayMessage" : true,
      "stepsCount" : 0
    } ],
    "attachments" : [ ],
    "parameters" : [ ],
    "hasContent" : true,
    "attachmentsCount" : 0,
    "shouldDisplayMessage" : false,
    "stepsCount" : 1
  } ],
  "labels" : [ {
    "name" : "severity",
    "value" : "Critical"
  }, {
    "name" : "feature",
    "value" : "Topics"
  }, {
    "name" : "tag",
    "value" : "@pytest.mark.usefixtures('login_open_project_logout')"
  }, {
    "name" : "tag",
    "value" : "smoke"
  }, {
    "name" : "parentSuite",
    "value" : "tests"
  }, {
    "name" : "suite",
    "value" : "topics_test"
  }, {
    "name" : "subSuite",
    "value" : "TestTopics"
  }, {
    "name" : "host",
    "value" : "9fb8ad3d4fcf"
  }, {
    "name" : "thread",
    "value" : "1-MainThread"
  }, {
    "name" : "framework",
    "value" : "pytest"
  }, {
    "name" : "language",
    "value" : "cpython3"
  }, {
    "name" : "package",
    "value" : "tests.topics_test"
  }, {
    "name" : "resultFormat",
    "value" : "allure2"
  } ],
  "parameters" : [ ],
  "links" : [ ],
  "hidden" : false,
  "retry" : false,
  "extra" : {
    "severity" : "critical",
    "retries" : [ ],
    "categories" : [ {
      "name" : "Test defects",
      "matchedStatuses" : [ ],
      "flaky" : false
    } ],
    "history" : {
      "statistic" : {
        "failed" : 0,
        "broken" : 3,
        "skipped" : 0,
        "passed" : 2,
        "unknown" : 0,
        "total" : 5
      },
      "items" : [ {
        "uid" : "3d60107e48891802",
        "status" : "passed",
        "time" : {
          "start" : 1704499712425,
          "stop" : 1704499718878,
          "duration" : 6453
        }
      }, {
        "uid" : "b1b7331fb9de6054",
        "status" : "broken",
        "statusDetails" : "selenium.common.exceptions.TimeoutException: Message:",
        "time" : {
          "start" : 1704499422553,
          "stop" : 1704499432920,
          "duration" : 10367
        }
      }, {
        "uid" : "c7b0bee2ea650e61",
        "status" : "passed",
        "time" : {
          "start" : 1704499086483,
          "stop" : 1704499091910,
          "duration" : 5427
        }
      }, {
        "uid" : "56d5b73e995d6154",
        "status" : "broken",
        "statusDetails" : "selenium.common.exceptions.WebDriverException: Message: unknown error: Chrome failed to start: exited abnormally.\n  (unknown error: DevToolsActivePort file doesn't exist)\n  (The process started from chrome location /usr/bin/chromium-browser is no longer running, so ChromeDriver is assuming that Chrome has crashed.)",
        "time" : {
          "start" : 1704498551466,
          "stop" : 1704498551466,
          "duration" : 0
        }
      } ]
    },
    "tags" : [ "@pytest.mark.usefixtures('login_open_project_logout')", "smoke" ]
  },
  "source" : "19223dd920d8328c.json",
  "parameterValues" : [ ]
}