{
  "uid" : "2e026338d16ea849",
  "name" : "Delete topic",
  "fullName" : "tests.topics_test.TestTopics#test_user_delete_topic",
  "historyId" : "f53cd339440fb7bd7b0626d994088edc",
  "time" : {
    "start" : 1704709295944,
    "stop" : 1704709296304,
    "duration" : 360
  },
  "status" : "broken",
  "statusMessage" : "AttributeError: 'TopicsPage' object has no attribute 'topics_page'. Did you mean: 'topic_name'?",
  "statusTrace" : "self = <topics_test.TestTopics object at 0x7f27586a8cb0>\n\n    @allure.title(\"Delete topic\")\n    @allure.severity(\"Critical\")\n    @pytest.mark.smoke\n    @pytest.mark.usefixtures(\"login_open_project_logout\")\n    def test_user_delete_topic(self):\n>       self.test_user_create_topic_without_cover()\n\ntests/topics_test.py:59: \n_ _ _ _ _ _ _ _ _ _ _ _ _ _ _ _ _ _ _ _ _ _ _ _ _ _ _ _ _ _ _ _ _ _ _ _ _ _ _ _ \ntests/topics_test.py:19: in test_user_create_topic_without_cover\n    self.topics_page.topic_is_appeared_at_list(topic_name)\n_ _ _ _ _ _ _ _ _ _ _ _ _ _ _ _ _ _ _ _ _ _ _ _ _ _ _ _ _ _ _ _ _ _ _ _ _ _ _ _ \n\nself = <pages.topics_page.TopicsPage object at 0x7f275958dc70>\ntopic_name = 'demo 1704709295.9443917'\n\n    @allure.step(\"Check if the created topic appear at the list\")\n    def topic_is_appeared_at_list(self, topic_name):\n>       self.topics_page.make_screenshot(\"Succsess\")\nE       AttributeError: 'TopicsPage' object has no attribute 'topics_page'. Did you mean: 'topic_name'?\n\npages/topics_page.py:42: AttributeError",
  "flaky" : false,
  "newFailed" : false,
  "beforeStages" : [ {
    "name" : "setup",
    "time" : {
      "start" : 1704709290801,
      "stop" : 1704709290801,
      "duration" : 0
    },
    "status" : "passed",
    "steps" : [ ],
    "attachments" : [ ],
    "parameters" : [ ],
    "hasContent" : false,
    "attachmentsCount" : 0,
    "shouldDisplayMessage" : false,
    "stepsCount" : 0
  }, {
    "name" : "login_open_project_logout",
    "time" : {
      "start" : 1704709290801,
      "stop" : 1704709295944,
      "duration" : 5143
    },
    "status" : "passed",
    "steps" : [ {
      "name" : "Login",
      "time" : {
        "start" : 1704709290801,
        "stop" : 1704709293558,
        "duration" : 2757
      },
      "status" : "passed",
      "steps" : [ {
        "name" : "Open https://space.a-mates.com/login page",
        "time" : {
          "start" : 1704709290801,
          "stop" : 1704709292277,
          "duration" : 1476
        },
        "status" : "passed",
        "steps" : [ ],
        "attachments" : [ ],
        "parameters" : [ ],
        "hasContent" : false,
        "attachmentsCount" : 0,
        "shouldDisplayMessage" : false,
        "stepsCount" : 0
      }, {
        "name" : "Page https://space.a-mates.com/login is opened",
        "time" : {
          "start" : 1704709292277,
          "stop" : 1704709292280,
          "duration" : 3
        },
        "status" : "passed",
        "steps" : [ ],
        "attachments" : [ ],
        "parameters" : [ ],
        "hasContent" : false,
        "attachmentsCount" : 0,
        "shouldDisplayMessage" : false,
        "stepsCount" : 0
      }, {
        "name" : "Enter login",
        "time" : {
          "start" : 1704709292280,
          "stop" : 1704709292409,
          "duration" : 129
        },
        "status" : "passed",
        "steps" : [ ],
        "attachments" : [ ],
        "parameters" : [ {
          "name" : "login",
          "value" : "'test5brest+13@gmail.com'"
        } ],
        "hasContent" : true,
        "attachmentsCount" : 0,
        "shouldDisplayMessage" : false,
        "stepsCount" : 0
      }, {
        "name" : "Enter password",
        "time" : {
          "start" : 1704709292409,
          "stop" : 1704709292487,
          "duration" : 78
        },
        "status" : "passed",
        "steps" : [ ],
        "attachments" : [ ],
        "parameters" : [ {
          "name" : "password",
          "value" : "'Orange609!'"
        } ],
        "hasContent" : true,
        "attachmentsCount" : 0,
        "shouldDisplayMessage" : false,
        "stepsCount" : 0
      }, {
        "name" : "Click submit button",
        "time" : {
          "start" : 1704709292487,
          "stop" : 1704709292548,
          "duration" : 61
        },
        "status" : "passed",
        "steps" : [ ],
        "attachments" : [ ],
        "parameters" : [ ],
        "hasContent" : false,
        "attachmentsCount" : 0,
        "shouldDisplayMessage" : false,
        "stepsCount" : 0
      }, {
        "name" : "Page https://space.a-mates.com/projects is opened",
        "time" : {
          "start" : 1704709292548,
          "stop" : 1704709293558,
          "duration" : 1010
        },
        "status" : "passed",
        "steps" : [ ],
        "attachments" : [ ],
        "parameters" : [ ],
        "hasContent" : false,
        "attachmentsCount" : 0,
        "shouldDisplayMessage" : false,
        "stepsCount" : 0
      } ],
      "attachments" : [ ],
      "parameters" : [ ],
      "hasContent" : true,
      "attachmentsCount" : 0,
      "shouldDisplayMessage" : false,
      "stepsCount" : 6
    }, {
      "name" : "Open My project",
      "time" : {
        "start" : 1704709293558,
        "stop" : 1704709295944,
        "duration" : 2386
      },
      "status" : "passed",
      "steps" : [ {
        "name" : "Click on 'My projects' button in top menu",
        "time" : {
          "start" : 1704709293559,
          "stop" : 1704709293607,
          "duration" : 48
        },
        "status" : "passed",
        "steps" : [ ],
        "attachments" : [ ],
        "parameters" : [ ],
        "hasContent" : false,
        "attachmentsCount" : 0,
        "shouldDisplayMessage" : false,
        "stepsCount" : 0
      }, {
        "name" : "Click on 'NAME_OF_MY_PROJECT' button",
        "time" : {
          "start" : 1704709293607,
          "stop" : 1704709293936,
          "duration" : 329
        },
        "status" : "passed",
        "steps" : [ ],
        "attachments" : [ ],
        "parameters" : [ ],
        "hasContent" : false,
        "attachmentsCount" : 0,
        "shouldDisplayMessage" : false,
        "stepsCount" : 0
      }, {
        "name" : "Page https://space.a-mates.com/topics is opened",
        "time" : {
          "start" : 1704709293936,
          "stop" : 1704709295944,
          "duration" : 2008
        },
        "status" : "passed",
        "steps" : [ ],
        "attachments" : [ ],
        "parameters" : [ ],
        "hasContent" : false,
        "attachmentsCount" : 0,
        "shouldDisplayMessage" : false,
        "stepsCount" : 0
      } ],
      "attachments" : [ ],
      "parameters" : [ ],
      "hasContent" : true,
      "attachmentsCount" : 0,
      "shouldDisplayMessage" : false,
      "stepsCount" : 3
    }, {
      "name" : "Logout",
      "time" : {
        "start" : 1704709295944,
        "stop" : 1704709295944,
        "duration" : 0
      },
      "status" : "passed",
      "steps" : [ ],
      "attachments" : [ ],
      "parameters" : [ ],
      "hasContent" : false,
      "attachmentsCount" : 0,
      "shouldDisplayMessage" : false,
      "stepsCount" : 0
    } ],
    "attachments" : [ ],
    "parameters" : [ ],
    "hasContent" : true,
    "attachmentsCount" : 0,
    "shouldDisplayMessage" : false,
    "stepsCount" : 12
  }, {
    "name" : "driver",
    "time" : {
      "start" : 1704709289978,
      "stop" : 1704709290801,
      "duration" : 823
    },
    "status" : "passed",
    "steps" : [ ],
    "attachments" : [ ],
    "parameters" : [ ],
    "hasContent" : false,
    "attachmentsCount" : 0,
    "shouldDisplayMessage" : false,
    "stepsCount" : 0
  } ],
  "testStage" : {
    "status" : "broken",
    "statusMessage" : "AttributeError: 'TopicsPage' object has no attribute 'topics_page'. Did you mean: 'topic_name'?",
    "statusTrace" : "self = <topics_test.TestTopics object at 0x7f27586a8cb0>\n\n    @allure.title(\"Delete topic\")\n    @allure.severity(\"Critical\")\n    @pytest.mark.smoke\n    @pytest.mark.usefixtures(\"login_open_project_logout\")\n    def test_user_delete_topic(self):\n>       self.test_user_create_topic_without_cover()\n\ntests/topics_test.py:59: \n_ _ _ _ _ _ _ _ _ _ _ _ _ _ _ _ _ _ _ _ _ _ _ _ _ _ _ _ _ _ _ _ _ _ _ _ _ _ _ _ \ntests/topics_test.py:19: in test_user_create_topic_without_cover\n    self.topics_page.topic_is_appeared_at_list(topic_name)\n_ _ _ _ _ _ _ _ _ _ _ _ _ _ _ _ _ _ _ _ _ _ _ _ _ _ _ _ _ _ _ _ _ _ _ _ _ _ _ _ \n\nself = <pages.topics_page.TopicsPage object at 0x7f275958dc70>\ntopic_name = 'demo 1704709295.9443917'\n\n    @allure.step(\"Check if the created topic appear at the list\")\n    def topic_is_appeared_at_list(self, topic_name):\n>       self.topics_page.make_screenshot(\"Succsess\")\nE       AttributeError: 'TopicsPage' object has no attribute 'topics_page'. Did you mean: 'topic_name'?\n\npages/topics_page.py:42: AttributeError",
    "steps" : [ {
      "name" : "Click add topic button",
      "time" : {
        "start" : 1704709295944,
        "stop" : 1704709296027,
        "duration" : 83
      },
      "status" : "passed",
      "steps" : [ ],
      "attachments" : [ ],
      "parameters" : [ ],
      "hasContent" : false,
      "attachmentsCount" : 0,
      "shouldDisplayMessage" : false,
      "stepsCount" : 0
    }, {
      "name" : "Enter new topic name",
      "time" : {
        "start" : 1704709296027,
        "stop" : 1704709296197,
        "duration" : 170
      },
      "status" : "passed",
      "steps" : [ ],
      "attachments" : [ ],
      "parameters" : [ {
        "name" : "topic_name",
        "value" : "'demo 1704709295.9443917'"
      } ],
      "hasContent" : true,
      "attachmentsCount" : 0,
      "shouldDisplayMessage" : false,
      "stepsCount" : 0
    }, {
      "name" : "Click OK button on topic create window",
      "time" : {
        "start" : 1704709296197,
        "stop" : 1704709296303,
        "duration" : 106
      },
      "status" : "passed",
      "steps" : [ ],
      "attachments" : [ ],
      "parameters" : [ ],
      "hasContent" : false,
      "attachmentsCount" : 0,
      "shouldDisplayMessage" : false,
      "stepsCount" : 0
    }, {
      "name" : "Check if the created topic appear at the list",
      "time" : {
        "start" : 1704709296303,
        "stop" : 1704709296303,
        "duration" : 0
      },
      "status" : "broken",
      "statusMessage" : "AttributeError: 'TopicsPage' object has no attribute 'topics_page'. Did you mean: 'topic_name'?\n",
      "statusTrace" : "  File \"/usr/local/lib/python3.12/site-packages/allure_commons/_allure.py\", line 192, in impl\n    return func(*a, **kw)\n           ^^^^^^^^^^^^^^\n  File \"/usr/workspace/pages/topics_page.py\", line 42, in topic_is_appeared_at_list\n    self.topics_page.make_screenshot(\"Succsess\")\n    ^^^^^^^^^^^^^^^^\n",
      "steps" : [ ],
      "attachments" : [ ],
      "parameters" : [ {
        "name" : "topic_name",
        "value" : "'demo 1704709295.9443917'"
      } ],
      "hasContent" : true,
      "attachmentsCount" : 0,
      "shouldDisplayMessage" : true,
      "stepsCount" : 0
    } ],
    "attachments" : [ ],
    "parameters" : [ ],
    "hasContent" : true,
    "attachmentsCount" : 0,
    "shouldDisplayMessage" : true,
    "stepsCount" : 4
  },
  "afterStages" : [ {
    "name" : "login_open_project_logout::finalizer",
    "time" : {
      "start" : 1704709296310,
      "stop" : 1704709297944,
      "duration" : 1634
    },
    "status" : "passed",
    "steps" : [ {
      "name" : "Click e-mail button in Top menu",
      "time" : {
        "start" : 1704709296310,
        "stop" : 1704709296843,
        "duration" : 533
      },
      "status" : "passed",
      "steps" : [ ],
      "attachments" : [ ],
      "parameters" : [ ],
      "hasContent" : false,
      "attachmentsCount" : 0,
      "shouldDisplayMessage" : false,
      "stepsCount" : 0
    }, {
      "name" : "Click logout button in Top menu",
      "time" : {
        "start" : 1704709296843,
        "stop" : 1704709297902,
        "duration" : 1059
      },
      "status" : "passed",
      "steps" : [ ],
      "attachments" : [ ],
      "parameters" : [ ],
      "hasContent" : false,
      "attachmentsCount" : 0,
      "shouldDisplayMessage" : false,
      "stepsCount" : 0
    }, {
      "name" : "Page https://space.a-mates.com/login is opened",
      "time" : {
        "start" : 1704709297902,
        "stop" : 1704709297944,
        "duration" : 42
      },
      "status" : "passed",
      "steps" : [ ],
      "attachments" : [ ],
      "parameters" : [ ],
      "hasContent" : false,
      "attachmentsCount" : 0,
      "shouldDisplayMessage" : false,
      "stepsCount" : 0
    } ],
    "attachments" : [ ],
    "parameters" : [ ],
    "hasContent" : true,
    "attachmentsCount" : 0,
    "shouldDisplayMessage" : false,
    "stepsCount" : 3
  }, {
    "name" : "driver::0",
    "time" : {
      "start" : 1704709297945,
      "stop" : 1704709298004,
      "duration" : 59
    },
    "status" : "passed",
    "steps" : [ ],
    "attachments" : [ ],
    "parameters" : [ ],
    "hasContent" : false,
    "attachmentsCount" : 0,
    "shouldDisplayMessage" : false,
    "stepsCount" : 0
  } ],
  "labels" : [ {
    "name" : "feature",
    "value" : "Topics"
  }, {
    "name" : "severity",
    "value" : "Critical"
  }, {
    "name" : "tag",
    "value" : "@pytest.mark.usefixtures('login_open_project_logout')"
  }, {
    "name" : "tag",
    "value" : "smoke"
  }, {
    "name" : "parentSuite",
    "value" : "tests"
  }, {
    "name" : "suite",
    "value" : "topics_test"
  }, {
    "name" : "subSuite",
    "value" : "TestTopics"
  }, {
    "name" : "host",
    "value" : "a5e0e96eeb7d"
  }, {
    "name" : "thread",
    "value" : "1-MainThread"
  }, {
    "name" : "framework",
    "value" : "pytest"
  }, {
    "name" : "language",
    "value" : "cpython3"
  }, {
    "name" : "package",
    "value" : "tests.topics_test"
  }, {
    "name" : "resultFormat",
    "value" : "allure2"
  } ],
  "parameters" : [ ],
  "links" : [ ],
  "hidden" : false,
  "retry" : false,
  "extra" : {
    "severity" : "critical",
    "retries" : [ ],
    "categories" : [ {
      "name" : "Test defects",
      "matchedStatuses" : [ ],
      "flaky" : false
    } ],
    "history" : {
      "statistic" : {
        "failed" : 0,
        "broken" : 5,
        "skipped" : 0,
        "passed" : 2,
        "unknown" : 0,
        "total" : 7
      },
      "items" : [ {
        "uid" : "4a28f912a880286e",
        "status" : "broken",
        "statusDetails" : "selenium.common.exceptions.TimeoutException: Message:",
        "time" : {
          "start" : 1704708856942,
          "stop" : 1704708867524,
          "duration" : 10582
        }
      }, {
        "uid" : "cb6b4201d8c2ce5e",
        "status" : "passed",
        "time" : {
          "start" : 1704500147120,
          "stop" : 1704500152378,
          "duration" : 5258
        }
      }, {
        "uid" : "dd4094a29793fb68",
        "status" : "broken",
        "statusDetails" : "selenium.common.exceptions.TimeoutException: Message:",
        "time" : {
          "start" : 1704499726109,
          "stop" : 1704499736479,
          "duration" : 10370
        }
      }, {
        "uid" : "c111909b0b94e588",
        "status" : "passed",
        "time" : {
          "start" : 1704499443054,
          "stop" : 1704499447247,
          "duration" : 4193
        }
      }, {
        "uid" : "8d275efd379f7337",
        "status" : "broken",
        "statusDetails" : "selenium.common.exceptions.TimeoutException: Message:",
        "time" : {
          "start" : 1704499097778,
          "stop" : 1704499108134,
          "duration" : 10356
        }
      }, {
        "uid" : "d25680321465334e",
        "status" : "broken",
        "statusDetails" : "selenium.common.exceptions.WebDriverException: Message: unknown error: Chrome failed to start: exited abnormally.\n  (unknown error: DevToolsActivePort file doesn't exist)\n  (The process started from chrome location /usr/bin/chromium-browser is no longer running, so ChromeDriver is assuming that Chrome has crashed.)",
        "time" : {
          "start" : 1704498552274,
          "stop" : 1704498552274,
          "duration" : 0
        }
      } ]
    },
    "tags" : [ "@pytest.mark.usefixtures('login_open_project_logout')", "smoke" ]
  },
  "source" : "2e026338d16ea849.json",
  "parameterValues" : [ ]
}