{
  "uid" : "30f5516ea52c37a6",
  "name" : "Create topic with cover",
  "fullName" : "tests.topics_test.TestTopics#test_user_create_topic_with_cover",
  "historyId" : "6dec78be3e8364aed50d4c9c053686d1",
  "time" : {
    "start" : 1704499053483,
    "stop" : 1704499065932,
    "duration" : 12449
  },
  "status" : "broken",
  "statusMessage" : "selenium.common.exceptions.TimeoutException: Message:",
  "statusTrace" : "self = <topics_test.TestTopics object at 0x7f3e47d688c0>\n\n    @allure.title(\"Create topic with cover\")\n    @allure.severity(\"Normal\")\n    @pytest.mark.smoke\n    @pytest.mark.usefixtures(\"login_open_project_logout\")\n    def test_user_create_topic_with_cover(self):\n        self.topic_name = \"demo \" + str(time.time())\n        self.topics_page.click_add_topic_button()\n        self.topics_page.enter_topic_name_in_create_topic_window(self.topic_name)\n        self.topics_page.add_cover_in_create_topic_window()\n        self.topics_page.click_ok_button_in_create_topic_window()\n        self.topics_page.topic_is_appeared_at_list(self.topic_name)\n>       self.topics_page.topic_has_cover(self.topic_name)\n\ntests/topics_test.py:36: \n_ _ _ _ _ _ _ _ _ _ _ _ _ _ _ _ _ _ _ _ _ _ _ _ _ _ _ _ _ _ _ _ _ _ _ _ _ _ _ _ \npages/topics_page.py:48: in topic_has_cover\n    self.wait.until(EC.visibility_of_element_located(TOPIC_COVER_LOCATOR))\n_ _ _ _ _ _ _ _ _ _ _ _ _ _ _ _ _ _ _ _ _ _ _ _ _ _ _ _ _ _ _ _ _ _ _ _ _ _ _ _ \n\nself = <selenium.webdriver.support.wait.WebDriverWait (session=\"1dad8444af5582d43091b5878e46371b\")>\nmethod = <function visibility_of_element_located.<locals>._predicate at 0x7f3e46ed6b60>\nmessage = ''\n\n    def until(self, method: Callable[[D], Union[Literal[False], T]], message: str = \"\") -> T:\n        \"\"\"Calls the method provided with the driver as an argument until the \\\n        return value does not evaluate to ``False``.\n    \n        :param method: callable(WebDriver)\n        :param message: optional message for :exc:`TimeoutException`\n        :returns: the result of the last call to `method`\n        :raises: :exc:`selenium.common.exceptions.TimeoutException` if timeout occurs\n        \"\"\"\n        screen = None\n        stacktrace = None\n    \n        end_time = time.monotonic() + self._timeout\n        while True:\n            try:\n                value = method(self._driver)\n                if value:\n                    return value\n            except self._ignored_exceptions as exc:\n                screen = getattr(exc, \"screen\", None)\n                stacktrace = getattr(exc, \"stacktrace\", None)\n            time.sleep(self._poll)\n            if time.monotonic() > end_time:\n                break\n>       raise TimeoutException(message, screen, stacktrace)\nE       selenium.common.exceptions.TimeoutException: Message:\n\n../local/lib/python3.12/site-packages/selenium/webdriver/support/wait.py:105: TimeoutException",
  "flaky" : false,
  "newFailed" : false,
  "beforeStages" : [ {
    "name" : "driver",
    "time" : {
      "start" : 1704499044014,
      "stop" : 1704499044835,
      "duration" : 821
    },
    "status" : "passed",
    "steps" : [ ],
    "attachments" : [ ],
    "parameters" : [ ],
    "attachmentsCount" : 0,
    "shouldDisplayMessage" : false,
    "stepsCount" : 0,
    "hasContent" : false
  }, {
    "name" : "login_open_project_logout",
    "time" : {
      "start" : 1704499044836,
      "stop" : 1704499053483,
      "duration" : 8647
    },
    "status" : "passed",
    "steps" : [ {
      "name" : "Login",
      "time" : {
        "start" : 1704499044836,
        "stop" : 1704499050868,
        "duration" : 6032
      },
      "status" : "passed",
      "steps" : [ {
        "name" : "Open https://space.a-mates.com/login page",
        "time" : {
          "start" : 1704499044836,
          "stop" : 1704499048586,
          "duration" : 3750
        },
        "status" : "passed",
        "steps" : [ ],
        "attachments" : [ ],
        "parameters" : [ ],
        "attachmentsCount" : 0,
        "shouldDisplayMessage" : false,
        "stepsCount" : 0,
        "hasContent" : false
      }, {
        "name" : "Page https://space.a-mates.com/login is opened",
        "time" : {
          "start" : 1704499048586,
          "stop" : 1704499048606,
          "duration" : 20
        },
        "status" : "passed",
        "steps" : [ ],
        "attachments" : [ ],
        "parameters" : [ ],
        "attachmentsCount" : 0,
        "shouldDisplayMessage" : false,
        "stepsCount" : 0,
        "hasContent" : false
      }, {
        "name" : "Enter login",
        "time" : {
          "start" : 1704499048606,
          "stop" : 1704499048726,
          "duration" : 120
        },
        "status" : "passed",
        "steps" : [ ],
        "attachments" : [ ],
        "parameters" : [ {
          "name" : "login",
          "value" : "'qa.ac.odg@gmail.com'"
        } ],
        "attachmentsCount" : 0,
        "shouldDisplayMessage" : false,
        "stepsCount" : 0,
        "hasContent" : true
      }, {
        "name" : "Enter password",
        "time" : {
          "start" : 1704499048726,
          "stop" : 1704499048804,
          "duration" : 78
        },
        "status" : "passed",
        "steps" : [ ],
        "attachments" : [ ],
        "parameters" : [ {
          "name" : "password",
          "value" : "'Orange609!'"
        } ],
        "attachmentsCount" : 0,
        "shouldDisplayMessage" : false,
        "stepsCount" : 0,
        "hasContent" : true
      }, {
        "name" : "Click submit button",
        "time" : {
          "start" : 1704499048805,
          "stop" : 1704499048859,
          "duration" : 54
        },
        "status" : "passed",
        "steps" : [ ],
        "attachments" : [ ],
        "parameters" : [ ],
        "attachmentsCount" : 0,
        "shouldDisplayMessage" : false,
        "stepsCount" : 0,
        "hasContent" : false
      }, {
        "name" : "Page https://space.a-mates.com/projects is opened",
        "time" : {
          "start" : 1704499048859,
          "stop" : 1704499050868,
          "duration" : 2009
        },
        "status" : "passed",
        "steps" : [ ],
        "attachments" : [ ],
        "parameters" : [ ],
        "attachmentsCount" : 0,
        "shouldDisplayMessage" : false,
        "stepsCount" : 0,
        "hasContent" : false
      } ],
      "attachments" : [ ],
      "parameters" : [ ],
      "attachmentsCount" : 0,
      "shouldDisplayMessage" : false,
      "stepsCount" : 6,
      "hasContent" : true
    }, {
      "name" : "Open My project",
      "time" : {
        "start" : 1704499050868,
        "stop" : 1704499053483,
        "duration" : 2615
      },
      "status" : "passed",
      "steps" : [ {
        "name" : "Click on 'My projects' button in top menu",
        "time" : {
          "start" : 1704499050868,
          "stop" : 1704499050928,
          "duration" : 60
        },
        "status" : "passed",
        "steps" : [ ],
        "attachments" : [ ],
        "parameters" : [ ],
        "attachmentsCount" : 0,
        "shouldDisplayMessage" : false,
        "stepsCount" : 0,
        "hasContent" : false
      }, {
        "name" : "Click on 'NAME_OF_MY_PROJECT' button",
        "time" : {
          "start" : 1704499050928,
          "stop" : 1704499051333,
          "duration" : 405
        },
        "status" : "passed",
        "steps" : [ ],
        "attachments" : [ ],
        "parameters" : [ ],
        "attachmentsCount" : 0,
        "shouldDisplayMessage" : false,
        "stepsCount" : 0,
        "hasContent" : false
      }, {
        "name" : "Page https://space.a-mates.com/topics is opened",
        "time" : {
          "start" : 1704499051333,
          "stop" : 1704499053483,
          "duration" : 2150
        },
        "status" : "passed",
        "steps" : [ ],
        "attachments" : [ ],
        "parameters" : [ ],
        "attachmentsCount" : 0,
        "shouldDisplayMessage" : false,
        "stepsCount" : 0,
        "hasContent" : false
      } ],
      "attachments" : [ ],
      "parameters" : [ ],
      "attachmentsCount" : 0,
      "shouldDisplayMessage" : false,
      "stepsCount" : 3,
      "hasContent" : true
    }, {
      "name" : "Logout",
      "time" : {
        "start" : 1704499053483,
        "stop" : 1704499053483,
        "duration" : 0
      },
      "status" : "passed",
      "steps" : [ ],
      "attachments" : [ ],
      "parameters" : [ ],
      "attachmentsCount" : 0,
      "shouldDisplayMessage" : false,
      "stepsCount" : 0,
      "hasContent" : false
    } ],
    "attachments" : [ ],
    "parameters" : [ ],
    "attachmentsCount" : 0,
    "shouldDisplayMessage" : false,
    "stepsCount" : 12,
    "hasContent" : true
  }, {
    "name" : "setup",
    "time" : {
      "start" : 1704499044835,
      "stop" : 1704499044835,
      "duration" : 0
    },
    "status" : "passed",
    "steps" : [ ],
    "attachments" : [ ],
    "parameters" : [ ],
    "attachmentsCount" : 0,
    "shouldDisplayMessage" : false,
    "stepsCount" : 0,
    "hasContent" : false
  } ],
  "testStage" : {
    "status" : "broken",
    "statusMessage" : "selenium.common.exceptions.TimeoutException: Message:",
    "statusTrace" : "self = <topics_test.TestTopics object at 0x7f3e47d688c0>\n\n    @allure.title(\"Create topic with cover\")\n    @allure.severity(\"Normal\")\n    @pytest.mark.smoke\n    @pytest.mark.usefixtures(\"login_open_project_logout\")\n    def test_user_create_topic_with_cover(self):\n        self.topic_name = \"demo \" + str(time.time())\n        self.topics_page.click_add_topic_button()\n        self.topics_page.enter_topic_name_in_create_topic_window(self.topic_name)\n        self.topics_page.add_cover_in_create_topic_window()\n        self.topics_page.click_ok_button_in_create_topic_window()\n        self.topics_page.topic_is_appeared_at_list(self.topic_name)\n>       self.topics_page.topic_has_cover(self.topic_name)\n\ntests/topics_test.py:36: \n_ _ _ _ _ _ _ _ _ _ _ _ _ _ _ _ _ _ _ _ _ _ _ _ _ _ _ _ _ _ _ _ _ _ _ _ _ _ _ _ \npages/topics_page.py:48: in topic_has_cover\n    self.wait.until(EC.visibility_of_element_located(TOPIC_COVER_LOCATOR))\n_ _ _ _ _ _ _ _ _ _ _ _ _ _ _ _ _ _ _ _ _ _ _ _ _ _ _ _ _ _ _ _ _ _ _ _ _ _ _ _ \n\nself = <selenium.webdriver.support.wait.WebDriverWait (session=\"1dad8444af5582d43091b5878e46371b\")>\nmethod = <function visibility_of_element_located.<locals>._predicate at 0x7f3e46ed6b60>\nmessage = ''\n\n    def until(self, method: Callable[[D], Union[Literal[False], T]], message: str = \"\") -> T:\n        \"\"\"Calls the method provided with the driver as an argument until the \\\n        return value does not evaluate to ``False``.\n    \n        :param method: callable(WebDriver)\n        :param message: optional message for :exc:`TimeoutException`\n        :returns: the result of the last call to `method`\n        :raises: :exc:`selenium.common.exceptions.TimeoutException` if timeout occurs\n        \"\"\"\n        screen = None\n        stacktrace = None\n    \n        end_time = time.monotonic() + self._timeout\n        while True:\n            try:\n                value = method(self._driver)\n                if value:\n                    return value\n            except self._ignored_exceptions as exc:\n                screen = getattr(exc, \"screen\", None)\n                stacktrace = getattr(exc, \"stacktrace\", None)\n            time.sleep(self._poll)\n            if time.monotonic() > end_time:\n                break\n>       raise TimeoutException(message, screen, stacktrace)\nE       selenium.common.exceptions.TimeoutException: Message:\n\n../local/lib/python3.12/site-packages/selenium/webdriver/support/wait.py:105: TimeoutException",
    "steps" : [ {
      "name" : "Click add topic button",
      "time" : {
        "start" : 1704499053483,
        "stop" : 1704499053571,
        "duration" : 88
      },
      "status" : "passed",
      "steps" : [ ],
      "attachments" : [ ],
      "parameters" : [ ],
      "attachmentsCount" : 0,
      "shouldDisplayMessage" : false,
      "stepsCount" : 0,
      "hasContent" : false
    }, {
      "name" : "Enter new topic name",
      "time" : {
        "start" : 1704499053571,
        "stop" : 1704499053742,
        "duration" : 171
      },
      "status" : "passed",
      "steps" : [ ],
      "attachments" : [ ],
      "parameters" : [ {
        "name" : "topic_name",
        "value" : "'demo 1704499053.4832726'"
      } ],
      "attachmentsCount" : 0,
      "shouldDisplayMessage" : false,
      "stepsCount" : 0,
      "hasContent" : true
    }, {
      "name" : "Add cover",
      "time" : {
        "start" : 1704499053742,
        "stop" : 1704499054794,
        "duration" : 1052
      },
      "status" : "passed",
      "steps" : [ ],
      "attachments" : [ ],
      "parameters" : [ ],
      "attachmentsCount" : 0,
      "shouldDisplayMessage" : false,
      "stepsCount" : 0,
      "hasContent" : false
    }, {
      "name" : "Click OK button on topic create window",
      "time" : {
        "start" : 1704499054795,
        "stop" : 1704499054842,
        "duration" : 47
      },
      "status" : "passed",
      "steps" : [ ],
      "attachments" : [ ],
      "parameters" : [ ],
      "attachmentsCount" : 0,
      "shouldDisplayMessage" : false,
      "stepsCount" : 0,
      "hasContent" : false
    }, {
      "name" : "Check if the created topic appear at the list",
      "time" : {
        "start" : 1704499054843,
        "stop" : 1704499055865,
        "duration" : 1022
      },
      "status" : "passed",
      "steps" : [ ],
      "attachments" : [ ],
      "parameters" : [ {
        "name" : "topic_name",
        "value" : "'demo 1704499053.4832726'"
      } ],
      "attachmentsCount" : 0,
      "shouldDisplayMessage" : false,
      "stepsCount" : 0,
      "hasContent" : true
    }, {
      "name" : "Check if the created topic has cover",
      "time" : {
        "start" : 1704499055865,
        "stop" : 1704499065931,
        "duration" : 10066
      },
      "status" : "broken",
      "statusMessage" : "selenium.common.exceptions.TimeoutException: Message: \n\n",
      "statusTrace" : "  File \"/usr/local/lib/python3.12/site-packages/allure_commons/_allure.py\", line 192, in impl\n    return func(*a, **kw)\n           ^^^^^^^^^^^^^^\n  File \"/usr/workspace/pages/topics_page.py\", line 48, in topic_has_cover\n    self.wait.until(EC.visibility_of_element_located(TOPIC_COVER_LOCATOR))\n  File \"/usr/local/lib/python3.12/site-packages/selenium/webdriver/support/wait.py\", line 105, in until\n    raise TimeoutException(message, screen, stacktrace)\n",
      "steps" : [ ],
      "attachments" : [ ],
      "parameters" : [ {
        "name" : "topic_name",
        "value" : "'demo 1704499053.4832726'"
      } ],
      "attachmentsCount" : 0,
      "shouldDisplayMessage" : true,
      "stepsCount" : 0,
      "hasContent" : true
    } ],
    "attachments" : [ ],
    "parameters" : [ ],
    "attachmentsCount" : 0,
    "shouldDisplayMessage" : true,
    "stepsCount" : 6,
    "hasContent" : true
  },
  "afterStages" : [ {
    "name" : "driver::0",
    "time" : {
      "start" : 1704499067107,
      "stop" : 1704499067166,
      "duration" : 59
    },
    "status" : "passed",
    "steps" : [ ],
    "attachments" : [ ],
    "parameters" : [ ],
    "attachmentsCount" : 0,
    "shouldDisplayMessage" : false,
    "stepsCount" : 0,
    "hasContent" : false
  }, {
    "name" : "login_open_project_logout::finalizer",
    "time" : {
      "start" : 1704499065962,
      "stop" : 1704499067106,
      "duration" : 1144
    },
    "status" : "passed",
    "steps" : [ {
      "name" : "Click e-mail button in Top menu",
      "time" : {
        "start" : 1704499065962,
        "stop" : 1704499066011,
        "duration" : 49
      },
      "status" : "passed",
      "steps" : [ ],
      "attachments" : [ ],
      "parameters" : [ ],
      "attachmentsCount" : 0,
      "shouldDisplayMessage" : false,
      "stepsCount" : 0,
      "hasContent" : false
    }, {
      "name" : "Click logout button in Top menu",
      "time" : {
        "start" : 1704499066012,
        "stop" : 1704499067069,
        "duration" : 1057
      },
      "status" : "passed",
      "steps" : [ ],
      "attachments" : [ ],
      "parameters" : [ ],
      "attachmentsCount" : 0,
      "shouldDisplayMessage" : false,
      "stepsCount" : 0,
      "hasContent" : false
    }, {
      "name" : "Page https://space.a-mates.com/login is opened",
      "time" : {
        "start" : 1704499067069,
        "stop" : 1704499067106,
        "duration" : 37
      },
      "status" : "passed",
      "steps" : [ ],
      "attachments" : [ ],
      "parameters" : [ ],
      "attachmentsCount" : 0,
      "shouldDisplayMessage" : false,
      "stepsCount" : 0,
      "hasContent" : false
    } ],
    "attachments" : [ ],
    "parameters" : [ ],
    "attachmentsCount" : 0,
    "shouldDisplayMessage" : false,
    "stepsCount" : 3,
    "hasContent" : true
  } ],
  "labels" : [ {
    "name" : "severity",
    "value" : "Normal"
  }, {
    "name" : "feature",
    "value" : "Topics"
  }, {
    "name" : "tag",
    "value" : "@pytest.mark.usefixtures('login_open_project_logout')"
  }, {
    "name" : "tag",
    "value" : "smoke"
  }, {
    "name" : "parentSuite",
    "value" : "tests"
  }, {
    "name" : "suite",
    "value" : "topics_test"
  }, {
    "name" : "subSuite",
    "value" : "TestTopics"
  }, {
    "name" : "host",
    "value" : "2c641a03ed6d"
  }, {
    "name" : "thread",
    "value" : "1-MainThread"
  }, {
    "name" : "framework",
    "value" : "pytest"
  }, {
    "name" : "language",
    "value" : "cpython3"
  }, {
    "name" : "package",
    "value" : "tests.topics_test"
  }, {
    "name" : "resultFormat",
    "value" : "allure2"
  } ],
  "parameters" : [ ],
  "links" : [ ],
  "hidden" : false,
  "retry" : false,
  "extra" : {
    "severity" : "normal",
    "retries" : [ ],
    "categories" : [ {
      "name" : "Test defects",
      "matchedStatuses" : [ ],
      "flaky" : false
    } ],
    "history" : {
      "statistic" : {
        "failed" : 0,
        "broken" : 2,
        "skipped" : 0,
        "passed" : 0,
        "unknown" : 0,
        "total" : 2
      },
      "items" : [ {
        "uid" : "e2c35bfbf91ce256",
        "status" : "broken",
        "statusDetails" : "selenium.common.exceptions.WebDriverException: Message: unknown error: Chrome failed to start: exited abnormally.\n  (unknown error: DevToolsActivePort file doesn't exist)\n  (The process started from chrome location /usr/bin/chromium-browser is no longer running, so ChromeDriver is assuming that Chrome has crashed.)",
        "time" : {
          "start" : 1704498550656,
          "stop" : 1704498550656,
          "duration" : 0
        }
      } ]
    },
    "tags" : [ "@pytest.mark.usefixtures('login_open_project_logout')", "smoke" ]
  },
  "source" : "30f5516ea52c37a6.json",
  "parameterValues" : [ ]
}