{
  "uid" : "4c8b1a6552576726",
  "name" : "Add text comment",
  "fullName" : "tests.topics_test.TestTopics#test_user_add_text_comment",
  "historyId" : "a746b61eea2e5348e6ce25d4e0b6144b",
  "time" : {
    "start" : 1704709288497,
    "stop" : 1704709288810,
    "duration" : 313
  },
  "status" : "broken",
  "statusMessage" : "AttributeError: 'TopicsPage' object has no attribute 'topics_page'. Did you mean: 'topic_name'?",
  "statusTrace" : "self = <topics_test.TestTopics object at 0x7f27586a8b30>\n\n    @allure.title(\"Add text comment\")\n    @allure.severity(\"Critical\")\n    @pytest.mark.smoke\n    @pytest.mark.usefixtures(\"login_open_project_logout\")\n    def test_user_add_text_comment(self):\n>       self.test_user_create_topic_without_cover()\n\ntests/topics_test.py:47: \n_ _ _ _ _ _ _ _ _ _ _ _ _ _ _ _ _ _ _ _ _ _ _ _ _ _ _ _ _ _ _ _ _ _ _ _ _ _ _ _ \ntests/topics_test.py:19: in test_user_create_topic_without_cover\n    self.topics_page.topic_is_appeared_at_list(topic_name)\n_ _ _ _ _ _ _ _ _ _ _ _ _ _ _ _ _ _ _ _ _ _ _ _ _ _ _ _ _ _ _ _ _ _ _ _ _ _ _ _ \n\nself = <pages.topics_page.TopicsPage object at 0x7f2758b82b10>\ntopic_name = 'demo 1704709288.4966407'\n\n    @allure.step(\"Check if the created topic appear at the list\")\n    def topic_is_appeared_at_list(self, topic_name):\n>       self.topics_page.make_screenshot(\"Succsess\")\nE       AttributeError: 'TopicsPage' object has no attribute 'topics_page'. Did you mean: 'topic_name'?\n\npages/topics_page.py:42: AttributeError",
  "flaky" : false,
  "newFailed" : false,
  "beforeStages" : [ {
    "name" : "setup",
    "time" : {
      "start" : 1704709284300,
      "stop" : 1704709284300,
      "duration" : 0
    },
    "status" : "passed",
    "steps" : [ ],
    "attachments" : [ ],
    "parameters" : [ ],
    "hasContent" : false,
    "attachmentsCount" : 0,
    "shouldDisplayMessage" : false,
    "stepsCount" : 0
  }, {
    "name" : "login_open_project_logout",
    "time" : {
      "start" : 1704709284300,
      "stop" : 1704709288496,
      "duration" : 4196
    },
    "status" : "passed",
    "steps" : [ {
      "name" : "Login",
      "time" : {
        "start" : 1704709284300,
        "stop" : 1704709287047,
        "duration" : 2747
      },
      "status" : "passed",
      "steps" : [ {
        "name" : "Open https://space.a-mates.com/login page",
        "time" : {
          "start" : 1704709284300,
          "stop" : 1704709285762,
          "duration" : 1462
        },
        "status" : "passed",
        "steps" : [ ],
        "attachments" : [ ],
        "parameters" : [ ],
        "hasContent" : false,
        "attachmentsCount" : 0,
        "shouldDisplayMessage" : false,
        "stepsCount" : 0
      }, {
        "name" : "Page https://space.a-mates.com/login is opened",
        "time" : {
          "start" : 1704709285762,
          "stop" : 1704709285765,
          "duration" : 3
        },
        "status" : "passed",
        "steps" : [ ],
        "attachments" : [ ],
        "parameters" : [ ],
        "hasContent" : false,
        "attachmentsCount" : 0,
        "shouldDisplayMessage" : false,
        "stepsCount" : 0
      }, {
        "name" : "Enter login",
        "time" : {
          "start" : 1704709285765,
          "stop" : 1704709285894,
          "duration" : 129
        },
        "status" : "passed",
        "steps" : [ ],
        "attachments" : [ ],
        "parameters" : [ {
          "name" : "login",
          "value" : "'test5brest+13@gmail.com'"
        } ],
        "hasContent" : true,
        "attachmentsCount" : 0,
        "shouldDisplayMessage" : false,
        "stepsCount" : 0
      }, {
        "name" : "Enter password",
        "time" : {
          "start" : 1704709285894,
          "stop" : 1704709285977,
          "duration" : 83
        },
        "status" : "passed",
        "steps" : [ ],
        "attachments" : [ ],
        "parameters" : [ {
          "name" : "password",
          "value" : "'Orange609!'"
        } ],
        "hasContent" : true,
        "attachmentsCount" : 0,
        "shouldDisplayMessage" : false,
        "stepsCount" : 0
      }, {
        "name" : "Click submit button",
        "time" : {
          "start" : 1704709285977,
          "stop" : 1704709286035,
          "duration" : 58
        },
        "status" : "passed",
        "steps" : [ ],
        "attachments" : [ ],
        "parameters" : [ ],
        "hasContent" : false,
        "attachmentsCount" : 0,
        "shouldDisplayMessage" : false,
        "stepsCount" : 0
      }, {
        "name" : "Page https://space.a-mates.com/projects is opened",
        "time" : {
          "start" : 1704709286035,
          "stop" : 1704709287047,
          "duration" : 1012
        },
        "status" : "passed",
        "steps" : [ ],
        "attachments" : [ ],
        "parameters" : [ ],
        "hasContent" : false,
        "attachmentsCount" : 0,
        "shouldDisplayMessage" : false,
        "stepsCount" : 0
      } ],
      "attachments" : [ ],
      "parameters" : [ ],
      "hasContent" : true,
      "attachmentsCount" : 0,
      "shouldDisplayMessage" : false,
      "stepsCount" : 6
    }, {
      "name" : "Open My project",
      "time" : {
        "start" : 1704709287047,
        "stop" : 1704709288496,
        "duration" : 1449
      },
      "status" : "passed",
      "steps" : [ {
        "name" : "Click on 'My projects' button in top menu",
        "time" : {
          "start" : 1704709287047,
          "stop" : 1704709287095,
          "duration" : 48
        },
        "status" : "passed",
        "steps" : [ ],
        "attachments" : [ ],
        "parameters" : [ ],
        "hasContent" : false,
        "attachmentsCount" : 0,
        "shouldDisplayMessage" : false,
        "stepsCount" : 0
      }, {
        "name" : "Click on 'NAME_OF_MY_PROJECT' button",
        "time" : {
          "start" : 1704709287095,
          "stop" : 1704709287491,
          "duration" : 396
        },
        "status" : "passed",
        "steps" : [ ],
        "attachments" : [ ],
        "parameters" : [ ],
        "hasContent" : false,
        "attachmentsCount" : 0,
        "shouldDisplayMessage" : false,
        "stepsCount" : 0
      }, {
        "name" : "Page https://space.a-mates.com/topics is opened",
        "time" : {
          "start" : 1704709287491,
          "stop" : 1704709288496,
          "duration" : 1005
        },
        "status" : "passed",
        "steps" : [ ],
        "attachments" : [ ],
        "parameters" : [ ],
        "hasContent" : false,
        "attachmentsCount" : 0,
        "shouldDisplayMessage" : false,
        "stepsCount" : 0
      } ],
      "attachments" : [ ],
      "parameters" : [ ],
      "hasContent" : true,
      "attachmentsCount" : 0,
      "shouldDisplayMessage" : false,
      "stepsCount" : 3
    }, {
      "name" : "Logout",
      "time" : {
        "start" : 1704709288496,
        "stop" : 1704709288496,
        "duration" : 0
      },
      "status" : "passed",
      "steps" : [ ],
      "attachments" : [ ],
      "parameters" : [ ],
      "hasContent" : false,
      "attachmentsCount" : 0,
      "shouldDisplayMessage" : false,
      "stepsCount" : 0
    } ],
    "attachments" : [ ],
    "parameters" : [ ],
    "hasContent" : true,
    "attachmentsCount" : 0,
    "shouldDisplayMessage" : false,
    "stepsCount" : 12
  }, {
    "name" : "driver",
    "time" : {
      "start" : 1704709283482,
      "stop" : 1704709284299,
      "duration" : 817
    },
    "status" : "passed",
    "steps" : [ ],
    "attachments" : [ ],
    "parameters" : [ ],
    "hasContent" : false,
    "attachmentsCount" : 0,
    "shouldDisplayMessage" : false,
    "stepsCount" : 0
  } ],
  "testStage" : {
    "status" : "broken",
    "statusMessage" : "AttributeError: 'TopicsPage' object has no attribute 'topics_page'. Did you mean: 'topic_name'?",
    "statusTrace" : "self = <topics_test.TestTopics object at 0x7f27586a8b30>\n\n    @allure.title(\"Add text comment\")\n    @allure.severity(\"Critical\")\n    @pytest.mark.smoke\n    @pytest.mark.usefixtures(\"login_open_project_logout\")\n    def test_user_add_text_comment(self):\n>       self.test_user_create_topic_without_cover()\n\ntests/topics_test.py:47: \n_ _ _ _ _ _ _ _ _ _ _ _ _ _ _ _ _ _ _ _ _ _ _ _ _ _ _ _ _ _ _ _ _ _ _ _ _ _ _ _ \ntests/topics_test.py:19: in test_user_create_topic_without_cover\n    self.topics_page.topic_is_appeared_at_list(topic_name)\n_ _ _ _ _ _ _ _ _ _ _ _ _ _ _ _ _ _ _ _ _ _ _ _ _ _ _ _ _ _ _ _ _ _ _ _ _ _ _ _ \n\nself = <pages.topics_page.TopicsPage object at 0x7f2758b82b10>\ntopic_name = 'demo 1704709288.4966407'\n\n    @allure.step(\"Check if the created topic appear at the list\")\n    def topic_is_appeared_at_list(self, topic_name):\n>       self.topics_page.make_screenshot(\"Succsess\")\nE       AttributeError: 'TopicsPage' object has no attribute 'topics_page'. Did you mean: 'topic_name'?\n\npages/topics_page.py:42: AttributeError",
    "steps" : [ {
      "name" : "Click add topic button",
      "time" : {
        "start" : 1704709288497,
        "stop" : 1704709288583,
        "duration" : 86
      },
      "status" : "passed",
      "steps" : [ ],
      "attachments" : [ ],
      "parameters" : [ ],
      "hasContent" : false,
      "attachmentsCount" : 0,
      "shouldDisplayMessage" : false,
      "stepsCount" : 0
    }, {
      "name" : "Enter new topic name",
      "time" : {
        "start" : 1704709288583,
        "stop" : 1704709288754,
        "duration" : 171
      },
      "status" : "passed",
      "steps" : [ ],
      "attachments" : [ ],
      "parameters" : [ {
        "name" : "topic_name",
        "value" : "'demo 1704709288.4966407'"
      } ],
      "hasContent" : true,
      "attachmentsCount" : 0,
      "shouldDisplayMessage" : false,
      "stepsCount" : 0
    }, {
      "name" : "Click OK button on topic create window",
      "time" : {
        "start" : 1704709288754,
        "stop" : 1704709288809,
        "duration" : 55
      },
      "status" : "passed",
      "steps" : [ ],
      "attachments" : [ ],
      "parameters" : [ ],
      "hasContent" : false,
      "attachmentsCount" : 0,
      "shouldDisplayMessage" : false,
      "stepsCount" : 0
    }, {
      "name" : "Check if the created topic appear at the list",
      "time" : {
        "start" : 1704709288809,
        "stop" : 1704709288809,
        "duration" : 0
      },
      "status" : "broken",
      "statusMessage" : "AttributeError: 'TopicsPage' object has no attribute 'topics_page'. Did you mean: 'topic_name'?\n",
      "statusTrace" : "  File \"/usr/local/lib/python3.12/site-packages/allure_commons/_allure.py\", line 192, in impl\n    return func(*a, **kw)\n           ^^^^^^^^^^^^^^\n  File \"/usr/workspace/pages/topics_page.py\", line 42, in topic_is_appeared_at_list\n    self.topics_page.make_screenshot(\"Succsess\")\n    ^^^^^^^^^^^^^^^^\n",
      "steps" : [ ],
      "attachments" : [ ],
      "parameters" : [ {
        "name" : "topic_name",
        "value" : "'demo 1704709288.4966407'"
      } ],
      "hasContent" : true,
      "attachmentsCount" : 0,
      "shouldDisplayMessage" : true,
      "stepsCount" : 0
    } ],
    "attachments" : [ ],
    "parameters" : [ ],
    "hasContent" : true,
    "attachmentsCount" : 0,
    "shouldDisplayMessage" : true,
    "stepsCount" : 4
  },
  "afterStages" : [ {
    "name" : "login_open_project_logout::finalizer",
    "time" : {
      "start" : 1704709288820,
      "stop" : 1704709289890,
      "duration" : 1070
    },
    "status" : "broken",
    "statusMessage" : "selenium.common.exceptions.ElementClickInterceptedException: Message: element click intercepted: Element <div class=\"MuiGrid-root jss41 MuiGrid-container MuiGrid-align-items-xs-center\" aria-controls=\"myprofile-menu\">...</div> is not clickable at point (1766, 32). Other element would receive the click: <div class=\"MuiDialog-container MuiDialog-scrollPaper\" role=\"none presentation\" tabindex=\"-1\" style=\"opacity: 1; transition: opacity 225ms cubic-bezier(0.4, 0, 0.2, 1) 0ms;\">...</div>\n  (Session info: headless chrome=112.0.5615.165)\n\n",
    "statusTrace" : "  File \"/usr/local/lib/python3.12/site-packages/allure_commons/_allure.py\", line 221, in __call__\n    return self._fixture_function(*args, **kwargs)\n           ^^^^^^^^^^^^^^^^^^^^^^^^^^^^^^^^^^^^^^^\n  File \"/usr/workspace/base/base_test.py\", line 42, in finalizer\n    self.topics_page.click_email_button_in_top_menu()\n  File \"/usr/local/lib/python3.12/site-packages/allure_commons/_allure.py\", line 192, in impl\n    return func(*a, **kw)\n           ^^^^^^^^^^^^^^\n  File \"/usr/workspace/pages/topics_page.py\", line 102, in click_email_button_in_top_menu\n    email_button.click()\n  File \"/usr/local/lib/python3.12/site-packages/selenium/webdriver/remote/webelement.py\", line 94, in click\n    self._execute(Command.CLICK_ELEMENT)\n  File \"/usr/local/lib/python3.12/site-packages/selenium/webdriver/remote/webelement.py\", line 395, in _execute\n    return self._parent.execute(command, params)\n           ^^^^^^^^^^^^^^^^^^^^^^^^^^^^^^^^^^^^^\n  File \"/usr/local/lib/python3.12/site-packages/selenium/webdriver/remote/webdriver.py\", line 348, in execute\n    self.error_handler.check_response(response)\n  File \"/usr/local/lib/python3.12/site-packages/selenium/webdriver/remote/errorhandler.py\", line 229, in check_response\n    raise exception_class(message, screen, stacktrace)\n",
    "steps" : [ {
      "name" : "Click e-mail button in Top menu",
      "time" : {
        "start" : 1704709288820,
        "stop" : 1704709289889,
        "duration" : 1069
      },
      "status" : "broken",
      "statusMessage" : "selenium.common.exceptions.ElementClickInterceptedException: Message: element click intercepted: Element <div class=\"MuiGrid-root jss41 MuiGrid-container MuiGrid-align-items-xs-center\" aria-controls=\"myprofile-menu\">...</div> is not clickable at point (1766, 32). Other element would receive the click: <div class=\"MuiDialog-container MuiDialog-scrollPaper\" role=\"none presentation\" tabindex=\"-1\" style=\"opacity: 1; transition: opacity 225ms cubic-bezier(0.4, 0, 0.2, 1) 0ms;\">...</div>\n  (Session info: headless chrome=112.0.5615.165)\n\n",
      "statusTrace" : "  File \"/usr/local/lib/python3.12/site-packages/allure_commons/_allure.py\", line 192, in impl\n    return func(*a, **kw)\n           ^^^^^^^^^^^^^^\n  File \"/usr/workspace/pages/topics_page.py\", line 102, in click_email_button_in_top_menu\n    email_button.click()\n  File \"/usr/local/lib/python3.12/site-packages/selenium/webdriver/remote/webelement.py\", line 94, in click\n    self._execute(Command.CLICK_ELEMENT)\n  File \"/usr/local/lib/python3.12/site-packages/selenium/webdriver/remote/webelement.py\", line 395, in _execute\n    return self._parent.execute(command, params)\n           ^^^^^^^^^^^^^^^^^^^^^^^^^^^^^^^^^^^^^\n  File \"/usr/local/lib/python3.12/site-packages/selenium/webdriver/remote/webdriver.py\", line 348, in execute\n    self.error_handler.check_response(response)\n  File \"/usr/local/lib/python3.12/site-packages/selenium/webdriver/remote/errorhandler.py\", line 229, in check_response\n    raise exception_class(message, screen, stacktrace)\n",
      "steps" : [ ],
      "attachments" : [ ],
      "parameters" : [ ],
      "hasContent" : true,
      "attachmentsCount" : 0,
      "shouldDisplayMessage" : true,
      "stepsCount" : 0
    } ],
    "attachments" : [ ],
    "parameters" : [ ],
    "hasContent" : true,
    "attachmentsCount" : 0,
    "shouldDisplayMessage" : false,
    "stepsCount" : 1
  }, {
    "name" : "driver::0",
    "time" : {
      "start" : 1704709289891,
      "stop" : 1704709289949,
      "duration" : 58
    },
    "status" : "passed",
    "steps" : [ ],
    "attachments" : [ ],
    "parameters" : [ ],
    "hasContent" : false,
    "attachmentsCount" : 0,
    "shouldDisplayMessage" : false,
    "stepsCount" : 0
  } ],
  "labels" : [ {
    "name" : "feature",
    "value" : "Topics"
  }, {
    "name" : "severity",
    "value" : "Critical"
  }, {
    "name" : "tag",
    "value" : "@pytest.mark.usefixtures('login_open_project_logout')"
  }, {
    "name" : "tag",
    "value" : "smoke"
  }, {
    "name" : "parentSuite",
    "value" : "tests"
  }, {
    "name" : "suite",
    "value" : "topics_test"
  }, {
    "name" : "subSuite",
    "value" : "TestTopics"
  }, {
    "name" : "host",
    "value" : "a5e0e96eeb7d"
  }, {
    "name" : "thread",
    "value" : "1-MainThread"
  }, {
    "name" : "framework",
    "value" : "pytest"
  }, {
    "name" : "language",
    "value" : "cpython3"
  }, {
    "name" : "package",
    "value" : "tests.topics_test"
  }, {
    "name" : "resultFormat",
    "value" : "allure2"
  } ],
  "parameters" : [ ],
  "links" : [ ],
  "hidden" : false,
  "retry" : false,
  "extra" : {
    "severity" : "critical",
    "retries" : [ ],
    "categories" : [ {
      "name" : "Test defects",
      "matchedStatuses" : [ ],
      "flaky" : false
    } ],
    "history" : {
      "statistic" : {
        "failed" : 0,
        "broken" : 5,
        "skipped" : 0,
        "passed" : 2,
        "unknown" : 0,
        "total" : 7
      },
      "items" : [ {
        "uid" : "a6745f21ea58d940",
        "status" : "broken",
        "statusDetails" : "selenium.common.exceptions.TimeoutException: Message:",
        "time" : {
          "start" : 1704708839850,
          "stop" : 1704708850456,
          "duration" : 10606
        }
      }, {
        "uid" : "19223dd920d8328c",
        "status" : "broken",
        "statusDetails" : "selenium.common.exceptions.TimeoutException: Message:",
        "time" : {
          "start" : 1704500130398,
          "stop" : 1704500140750,
          "duration" : 10352
        }
      }, {
        "uid" : "3d60107e48891802",
        "status" : "passed",
        "time" : {
          "start" : 1704499712425,
          "stop" : 1704499718878,
          "duration" : 6453
        }
      }, {
        "uid" : "b1b7331fb9de6054",
        "status" : "broken",
        "statusDetails" : "selenium.common.exceptions.TimeoutException: Message:",
        "time" : {
          "start" : 1704499422553,
          "stop" : 1704499432920,
          "duration" : 10367
        }
      }, {
        "uid" : "c7b0bee2ea650e61",
        "status" : "passed",
        "time" : {
          "start" : 1704499086483,
          "stop" : 1704499091910,
          "duration" : 5427
        }
      }, {
        "uid" : "56d5b73e995d6154",
        "status" : "broken",
        "statusDetails" : "selenium.common.exceptions.WebDriverException: Message: unknown error: Chrome failed to start: exited abnormally.\n  (unknown error: DevToolsActivePort file doesn't exist)\n  (The process started from chrome location /usr/bin/chromium-browser is no longer running, so ChromeDriver is assuming that Chrome has crashed.)",
        "time" : {
          "start" : 1704498551466,
          "stop" : 1704498551466,
          "duration" : 0
        }
      } ]
    },
    "tags" : [ "@pytest.mark.usefixtures('login_open_project_logout')", "smoke" ]
  },
  "source" : "4c8b1a6552576726.json",
  "parameterValues" : [ ]
}