{
  "uid" : "761fb75de136ef45",
  "name" : "Create topic with cover",
  "fullName" : "tests.topics_test.TestTopics#test_user_create_topic_with_cover",
  "historyId" : "6dec78be3e8364aed50d4c9c053686d1",
  "time" : {
    "start" : 1704709280328,
    "stop" : 1704709281715,
    "duration" : 1387
  },
  "status" : "broken",
  "statusMessage" : "AttributeError: 'TopicsPage' object has no attribute 'topics_page'. Did you mean: 'topic_name'?",
  "statusTrace" : "self = <topics_test.TestTopics object at 0x7f2758bd6d20>\n\n    @allure.title(\"Create topic with cover\")\n    @allure.severity(\"Normal\")\n    @pytest.mark.smoke\n    @pytest.mark.usefixtures(\"login_open_project_logout\")\n    def test_user_create_topic_with_cover(self):\n        self.topic_name = \"demo \" + str(time.time())\n        self.topics_page.click_add_topic_button()\n        self.topics_page.enter_topic_name_in_create_topic_window(self.topic_name)\n        self.topics_page.add_cover_in_create_topic_window()\n        self.topics_page.click_ok_button_in_create_topic_window()\n>       self.topics_page.topic_is_appeared_at_list(self.topic_name)\n\ntests/topics_test.py:35: \n_ _ _ _ _ _ _ _ _ _ _ _ _ _ _ _ _ _ _ _ _ _ _ _ _ _ _ _ _ _ _ _ _ _ _ _ _ _ _ _ \n\nself = <pages.topics_page.TopicsPage object at 0x7f275960efc0>\ntopic_name = 'demo 1704709280.3282743'\n\n    @allure.step(\"Check if the created topic appear at the list\")\n    def topic_is_appeared_at_list(self, topic_name):\n>       self.topics_page.make_screenshot(\"Succsess\")\nE       AttributeError: 'TopicsPage' object has no attribute 'topics_page'. Did you mean: 'topic_name'?\n\npages/topics_page.py:42: AttributeError",
  "flaky" : false,
  "newFailed" : false,
  "beforeStages" : [ {
    "name" : "login_open_project_logout",
    "time" : {
      "start" : 1704709275168,
      "stop" : 1704709280328,
      "duration" : 5160
    },
    "status" : "passed",
    "steps" : [ {
      "name" : "Login",
      "time" : {
        "start" : 1704709275169,
        "stop" : 1704709277934,
        "duration" : 2765
      },
      "status" : "passed",
      "steps" : [ {
        "name" : "Open https://space.a-mates.com/login page",
        "time" : {
          "start" : 1704709275169,
          "stop" : 1704709276644,
          "duration" : 1475
        },
        "status" : "passed",
        "steps" : [ ],
        "attachments" : [ ],
        "parameters" : [ ],
        "hasContent" : false,
        "attachmentsCount" : 0,
        "shouldDisplayMessage" : false,
        "stepsCount" : 0
      }, {
        "name" : "Page https://space.a-mates.com/login is opened",
        "time" : {
          "start" : 1704709276644,
          "stop" : 1704709276647,
          "duration" : 3
        },
        "status" : "passed",
        "steps" : [ ],
        "attachments" : [ ],
        "parameters" : [ ],
        "hasContent" : false,
        "attachmentsCount" : 0,
        "shouldDisplayMessage" : false,
        "stepsCount" : 0
      }, {
        "name" : "Enter login",
        "time" : {
          "start" : 1704709276647,
          "stop" : 1704709276780,
          "duration" : 133
        },
        "status" : "passed",
        "steps" : [ ],
        "attachments" : [ ],
        "parameters" : [ {
          "name" : "login",
          "value" : "'test5brest+13@gmail.com'"
        } ],
        "hasContent" : true,
        "attachmentsCount" : 0,
        "shouldDisplayMessage" : false,
        "stepsCount" : 0
      }, {
        "name" : "Enter password",
        "time" : {
          "start" : 1704709276780,
          "stop" : 1704709276862,
          "duration" : 82
        },
        "status" : "passed",
        "steps" : [ ],
        "attachments" : [ ],
        "parameters" : [ {
          "name" : "password",
          "value" : "'Orange609!'"
        } ],
        "hasContent" : true,
        "attachmentsCount" : 0,
        "shouldDisplayMessage" : false,
        "stepsCount" : 0
      }, {
        "name" : "Click submit button",
        "time" : {
          "start" : 1704709276862,
          "stop" : 1704709276920,
          "duration" : 58
        },
        "status" : "passed",
        "steps" : [ ],
        "attachments" : [ ],
        "parameters" : [ ],
        "hasContent" : false,
        "attachmentsCount" : 0,
        "shouldDisplayMessage" : false,
        "stepsCount" : 0
      }, {
        "name" : "Page https://space.a-mates.com/projects is opened",
        "time" : {
          "start" : 1704709276920,
          "stop" : 1704709277934,
          "duration" : 1014
        },
        "status" : "passed",
        "steps" : [ ],
        "attachments" : [ ],
        "parameters" : [ ],
        "hasContent" : false,
        "attachmentsCount" : 0,
        "shouldDisplayMessage" : false,
        "stepsCount" : 0
      } ],
      "attachments" : [ ],
      "parameters" : [ ],
      "hasContent" : true,
      "attachmentsCount" : 0,
      "shouldDisplayMessage" : false,
      "stepsCount" : 6
    }, {
      "name" : "Open My project",
      "time" : {
        "start" : 1704709277934,
        "stop" : 1704709280328,
        "duration" : 2394
      },
      "status" : "passed",
      "steps" : [ {
        "name" : "Click on 'My projects' button in top menu",
        "time" : {
          "start" : 1704709277934,
          "stop" : 1704709277982,
          "duration" : 48
        },
        "status" : "passed",
        "steps" : [ ],
        "attachments" : [ ],
        "parameters" : [ ],
        "hasContent" : false,
        "attachmentsCount" : 0,
        "shouldDisplayMessage" : false,
        "stepsCount" : 0
      }, {
        "name" : "Click on 'NAME_OF_MY_PROJECT' button",
        "time" : {
          "start" : 1704709277982,
          "stop" : 1704709278319,
          "duration" : 337
        },
        "status" : "passed",
        "steps" : [ ],
        "attachments" : [ ],
        "parameters" : [ ],
        "hasContent" : false,
        "attachmentsCount" : 0,
        "shouldDisplayMessage" : false,
        "stepsCount" : 0
      }, {
        "name" : "Page https://space.a-mates.com/topics is opened",
        "time" : {
          "start" : 1704709278320,
          "stop" : 1704709280328,
          "duration" : 2008
        },
        "status" : "passed",
        "steps" : [ ],
        "attachments" : [ ],
        "parameters" : [ ],
        "hasContent" : false,
        "attachmentsCount" : 0,
        "shouldDisplayMessage" : false,
        "stepsCount" : 0
      } ],
      "attachments" : [ ],
      "parameters" : [ ],
      "hasContent" : true,
      "attachmentsCount" : 0,
      "shouldDisplayMessage" : false,
      "stepsCount" : 3
    }, {
      "name" : "Logout",
      "time" : {
        "start" : 1704709280328,
        "stop" : 1704709280328,
        "duration" : 0
      },
      "status" : "passed",
      "steps" : [ ],
      "attachments" : [ ],
      "parameters" : [ ],
      "hasContent" : false,
      "attachmentsCount" : 0,
      "shouldDisplayMessage" : false,
      "stepsCount" : 0
    } ],
    "attachments" : [ ],
    "parameters" : [ ],
    "hasContent" : true,
    "attachmentsCount" : 0,
    "shouldDisplayMessage" : false,
    "stepsCount" : 12
  }, {
    "name" : "driver",
    "time" : {
      "start" : 1704709274351,
      "stop" : 1704709275168,
      "duration" : 817
    },
    "status" : "passed",
    "steps" : [ ],
    "attachments" : [ ],
    "parameters" : [ ],
    "hasContent" : false,
    "attachmentsCount" : 0,
    "shouldDisplayMessage" : false,
    "stepsCount" : 0
  }, {
    "name" : "setup",
    "time" : {
      "start" : 1704709275168,
      "stop" : 1704709275168,
      "duration" : 0
    },
    "status" : "passed",
    "steps" : [ ],
    "attachments" : [ ],
    "parameters" : [ ],
    "hasContent" : false,
    "attachmentsCount" : 0,
    "shouldDisplayMessage" : false,
    "stepsCount" : 0
  } ],
  "testStage" : {
    "status" : "broken",
    "statusMessage" : "AttributeError: 'TopicsPage' object has no attribute 'topics_page'. Did you mean: 'topic_name'?",
    "statusTrace" : "self = <topics_test.TestTopics object at 0x7f2758bd6d20>\n\n    @allure.title(\"Create topic with cover\")\n    @allure.severity(\"Normal\")\n    @pytest.mark.smoke\n    @pytest.mark.usefixtures(\"login_open_project_logout\")\n    def test_user_create_topic_with_cover(self):\n        self.topic_name = \"demo \" + str(time.time())\n        self.topics_page.click_add_topic_button()\n        self.topics_page.enter_topic_name_in_create_topic_window(self.topic_name)\n        self.topics_page.add_cover_in_create_topic_window()\n        self.topics_page.click_ok_button_in_create_topic_window()\n>       self.topics_page.topic_is_appeared_at_list(self.topic_name)\n\ntests/topics_test.py:35: \n_ _ _ _ _ _ _ _ _ _ _ _ _ _ _ _ _ _ _ _ _ _ _ _ _ _ _ _ _ _ _ _ _ _ _ _ _ _ _ _ \n\nself = <pages.topics_page.TopicsPage object at 0x7f275960efc0>\ntopic_name = 'demo 1704709280.3282743'\n\n    @allure.step(\"Check if the created topic appear at the list\")\n    def topic_is_appeared_at_list(self, topic_name):\n>       self.topics_page.make_screenshot(\"Succsess\")\nE       AttributeError: 'TopicsPage' object has no attribute 'topics_page'. Did you mean: 'topic_name'?\n\npages/topics_page.py:42: AttributeError",
    "steps" : [ {
      "name" : "Click add topic button",
      "time" : {
        "start" : 1704709280328,
        "stop" : 1704709280412,
        "duration" : 84
      },
      "status" : "passed",
      "steps" : [ ],
      "attachments" : [ ],
      "parameters" : [ ],
      "hasContent" : false,
      "attachmentsCount" : 0,
      "shouldDisplayMessage" : false,
      "stepsCount" : 0
    }, {
      "name" : "Enter new topic name",
      "time" : {
        "start" : 1704709280412,
        "stop" : 1704709280615,
        "duration" : 203
      },
      "status" : "passed",
      "steps" : [ ],
      "attachments" : [ ],
      "parameters" : [ {
        "name" : "topic_name",
        "value" : "'demo 1704709280.3282743'"
      } ],
      "hasContent" : true,
      "attachmentsCount" : 0,
      "shouldDisplayMessage" : false,
      "stepsCount" : 0
    }, {
      "name" : "Add cover",
      "time" : {
        "start" : 1704709280615,
        "stop" : 1704709281666,
        "duration" : 1051
      },
      "status" : "passed",
      "steps" : [ ],
      "attachments" : [ ],
      "parameters" : [ ],
      "hasContent" : false,
      "attachmentsCount" : 0,
      "shouldDisplayMessage" : false,
      "stepsCount" : 0
    }, {
      "name" : "Click OK button on topic create window",
      "time" : {
        "start" : 1704709281666,
        "stop" : 1704709281714,
        "duration" : 48
      },
      "status" : "passed",
      "steps" : [ ],
      "attachments" : [ ],
      "parameters" : [ ],
      "hasContent" : false,
      "attachmentsCount" : 0,
      "shouldDisplayMessage" : false,
      "stepsCount" : 0
    }, {
      "name" : "Check if the created topic appear at the list",
      "time" : {
        "start" : 1704709281714,
        "stop" : 1704709281714,
        "duration" : 0
      },
      "status" : "broken",
      "statusMessage" : "AttributeError: 'TopicsPage' object has no attribute 'topics_page'. Did you mean: 'topic_name'?\n",
      "statusTrace" : "  File \"/usr/local/lib/python3.12/site-packages/allure_commons/_allure.py\", line 192, in impl\n    return func(*a, **kw)\n           ^^^^^^^^^^^^^^\n  File \"/usr/workspace/pages/topics_page.py\", line 42, in topic_is_appeared_at_list\n    self.topics_page.make_screenshot(\"Succsess\")\n    ^^^^^^^^^^^^^^^^\n",
      "steps" : [ ],
      "attachments" : [ ],
      "parameters" : [ {
        "name" : "topic_name",
        "value" : "'demo 1704709280.3282743'"
      } ],
      "hasContent" : true,
      "attachmentsCount" : 0,
      "shouldDisplayMessage" : true,
      "stepsCount" : 0
    } ],
    "attachments" : [ ],
    "parameters" : [ ],
    "hasContent" : true,
    "attachmentsCount" : 0,
    "shouldDisplayMessage" : true,
    "stepsCount" : 5
  },
  "afterStages" : [ {
    "name" : "login_open_project_logout::finalizer",
    "time" : {
      "start" : 1704709281721,
      "stop" : 1704709283421,
      "duration" : 1700
    },
    "status" : "passed",
    "steps" : [ {
      "name" : "Click e-mail button in Top menu",
      "time" : {
        "start" : 1704709281721,
        "stop" : 1704709282324,
        "duration" : 603
      },
      "status" : "passed",
      "steps" : [ ],
      "attachments" : [ ],
      "parameters" : [ ],
      "hasContent" : false,
      "attachmentsCount" : 0,
      "shouldDisplayMessage" : false,
      "stepsCount" : 0
    }, {
      "name" : "Click logout button in Top menu",
      "time" : {
        "start" : 1704709282324,
        "stop" : 1704709283385,
        "duration" : 1061
      },
      "status" : "passed",
      "steps" : [ ],
      "attachments" : [ ],
      "parameters" : [ ],
      "hasContent" : false,
      "attachmentsCount" : 0,
      "shouldDisplayMessage" : false,
      "stepsCount" : 0
    }, {
      "name" : "Page https://space.a-mates.com/login is opened",
      "time" : {
        "start" : 1704709283385,
        "stop" : 1704709283421,
        "duration" : 36
      },
      "status" : "passed",
      "steps" : [ ],
      "attachments" : [ ],
      "parameters" : [ ],
      "hasContent" : false,
      "attachmentsCount" : 0,
      "shouldDisplayMessage" : false,
      "stepsCount" : 0
    } ],
    "attachments" : [ ],
    "parameters" : [ ],
    "hasContent" : true,
    "attachmentsCount" : 0,
    "shouldDisplayMessage" : false,
    "stepsCount" : 3
  }, {
    "name" : "driver::0",
    "time" : {
      "start" : 1704709283421,
      "stop" : 1704709283480,
      "duration" : 59
    },
    "status" : "passed",
    "steps" : [ ],
    "attachments" : [ ],
    "parameters" : [ ],
    "hasContent" : false,
    "attachmentsCount" : 0,
    "shouldDisplayMessage" : false,
    "stepsCount" : 0
  } ],
  "labels" : [ {
    "name" : "feature",
    "value" : "Topics"
  }, {
    "name" : "severity",
    "value" : "Normal"
  }, {
    "name" : "tag",
    "value" : "@pytest.mark.usefixtures('login_open_project_logout')"
  }, {
    "name" : "tag",
    "value" : "smoke"
  }, {
    "name" : "parentSuite",
    "value" : "tests"
  }, {
    "name" : "suite",
    "value" : "topics_test"
  }, {
    "name" : "subSuite",
    "value" : "TestTopics"
  }, {
    "name" : "host",
    "value" : "a5e0e96eeb7d"
  }, {
    "name" : "thread",
    "value" : "1-MainThread"
  }, {
    "name" : "framework",
    "value" : "pytest"
  }, {
    "name" : "language",
    "value" : "cpython3"
  }, {
    "name" : "package",
    "value" : "tests.topics_test"
  }, {
    "name" : "resultFormat",
    "value" : "allure2"
  } ],
  "parameters" : [ ],
  "links" : [ ],
  "hidden" : false,
  "retry" : false,
  "extra" : {
    "severity" : "normal",
    "retries" : [ ],
    "categories" : [ {
      "name" : "Test defects",
      "matchedStatuses" : [ ],
      "flaky" : false
    } ],
    "history" : {
      "statistic" : {
        "failed" : 0,
        "broken" : 6,
        "skipped" : 0,
        "passed" : 1,
        "unknown" : 0,
        "total" : 7
      },
      "items" : [ {
        "uid" : "cd8549e70d0952d2",
        "status" : "passed",
        "time" : {
          "start" : 1704708829745,
          "stop" : 1704708833605,
          "duration" : 3860
        }
      }, {
        "uid" : "a1f50efcf069a516",
        "status" : "broken",
        "statusDetails" : "selenium.common.exceptions.TimeoutException: Message:",
        "time" : {
          "start" : 1704500111651,
          "stop" : 1704500124063,
          "duration" : 12412
        }
      }, {
        "uid" : "ed1df42b3004d738",
        "status" : "broken",
        "statusDetails" : "selenium.common.exceptions.TimeoutException: Message:",
        "time" : {
          "start" : 1704499694357,
          "stop" : 1704499707018,
          "duration" : 12661
        }
      }, {
        "uid" : "a78299068f548f0d",
        "status" : "broken",
        "statusDetails" : "selenium.common.exceptions.TimeoutException: Message:",
        "time" : {
          "start" : 1704499403857,
          "stop" : 1704499417284,
          "duration" : 13427
        }
      }, {
        "uid" : "d45025e026760074",
        "status" : "broken",
        "statusDetails" : "selenium.common.exceptions.TimeoutException: Message:",
        "time" : {
          "start" : 1704499068404,
          "stop" : 1704499081039,
          "duration" : 12635
        }
      }, {
        "uid" : "e2c35bfbf91ce256",
        "status" : "broken",
        "statusDetails" : "selenium.common.exceptions.WebDriverException: Message: unknown error: Chrome failed to start: exited abnormally.\n  (unknown error: DevToolsActivePort file doesn't exist)\n  (The process started from chrome location /usr/bin/chromium-browser is no longer running, so ChromeDriver is assuming that Chrome has crashed.)",
        "time" : {
          "start" : 1704498550656,
          "stop" : 1704498550656,
          "duration" : 0
        }
      } ]
    },
    "tags" : [ "@pytest.mark.usefixtures('login_open_project_logout')", "smoke" ]
  },
  "source" : "761fb75de136ef45.json",
  "parameterValues" : [ ]
}